{"uuid":"7247862e-d0f4-445c-a4e5-05108ca29ab0","name":"Scenario: User Sign in to My store","children":["7e2274b3-760e-4f39-b56b-f70e127fe618"],"befores":[{"name":"Hooks.getDriver(Scenario)","status":"passed","stage":"finished","steps":[],"attachments":[],"parameters":[],"start":1583425865112,"stop":1583425865113},{"name":"RegistrationSteps.getScenarioInstance(Scenario)","status":"passed","stage":"finished","steps":[],"attachments":[],"parameters":[],"start":1583425865113,"stop":1583425865114}],"afters":[{"name":"Hooks.DoSomething()","status":"broken","statusDetails":{"known":false,"muted":false,"flaky":false,"message":"AfterStep is failed: no such window: target window already closed\nfrom unknown error: web view not found\n  (Session info: chrome=80.0.3987.132)\nBuild info: version: '3.141.0', revision: '2ecb7d9a', time: '2018-10-31T20:09:30'\nSystem info: host: 'AMAC02WC58AHTD6', ip: '172.22.92.194', os.name: 'Mac OS X', os.arch: 'x86_64', os.version: '10.14.6', java.version: '13.0.2'\nDriver info: org.openqa.selenium.chrome.ChromeDriver\nCapabilities {acceptInsecureCerts: false, browserName: chrome, browserVersion: 80.0.3987.132, chrome: {chromedriverVersion: 79.0.3945.36 (3582db32b3389..., userDataDir: /var/folders/7d/_7xsb9p506x...}, goog:chromeOptions: {debuggerAddress: localhost:65314}, javascriptEnabled: true, networkConnectionEnabled: false, pageLoadStrategy: normal, platform: MAC, platformName: MAC, proxy: Proxy(), setWindowRect: true, strictFileInteractability: false, timeouts: {implicit: 0, pageLoad: 300000, script: 30000}, unhandledPromptBehavior: dismiss and notify}\nSession ID: d0fd9d05d07739643d0b780fe8928cc0","trace":"org.openqa.selenium.NoSuchWindowException: no such window: target window already closed\nfrom unknown error: web view not found\n  (Session info: chrome=80.0.3987.132)\nBuild info: version: '3.141.0', revision: '2ecb7d9a', time: '2018-10-31T20:09:30'\nSystem info: host: 'AMAC02WC58AHTD6', ip: '172.22.92.194', os.name: 'Mac OS X', os.arch: 'x86_64', os.version: '10.14.6', java.version: '13.0.2'\nDriver info: org.openqa.selenium.chrome.ChromeDriver\nCapabilities {acceptInsecureCerts: false, browserName: chrome, browserVersion: 80.0.3987.132, chrome: {chromedriverVersion: 79.0.3945.36 (3582db32b3389..., userDataDir: /var/folders/7d/_7xsb9p506x...}, goog:chromeOptions: {debuggerAddress: localhost:65314}, javascriptEnabled: true, networkConnectionEnabled: false, pageLoadStrategy: normal, platform: MAC, platformName: MAC, proxy: Proxy(), setWindowRect: true, strictFileInteractability: false, timeouts: {implicit: 0, pageLoad: 300000, script: 30000}, unhandledPromptBehavior: dismiss and notify}\nSession ID: d0fd9d05d07739643d0b780fe8928cc0\n\tat java.base/jdk.internal.reflect.NativeConstructorAccessorImpl.newInstance0(Native Method)\n\tat java.base/jdk.internal.reflect.NativeConstructorAccessorImpl.newInstance(NativeConstructorAccessorImpl.java:62)\n\tat java.base/jdk.internal.reflect.DelegatingConstructorAccessorImpl.newInstance(DelegatingConstructorAccessorImpl.java:45)\n\tat java.base/java.lang.reflect.Constructor.newInstanceWithCaller(Constructor.java:500)\n\tat java.base/java.lang.reflect.Constructor.newInstance(Constructor.java:481)\n\tat org.openqa.selenium.remote.http.W3CHttpResponseCodec.createException(W3CHttpResponseCodec.java:187)\n\tat org.openqa.selenium.remote.http.W3CHttpResponseCodec.decode(W3CHttpResponseCodec.java:122)\n\tat org.openqa.selenium.remote.http.W3CHttpResponseCodec.decode(W3CHttpResponseCodec.java:49)\n\tat org.openqa.selenium.remote.HttpCommandExecutor.execute(HttpCommandExecutor.java:158)\n\tat org.openqa.selenium.remote.service.DriverCommandExecutor.execute(DriverCommandExecutor.java:83)\n\tat org.openqa.selenium.remote.RemoteWebDriver.execute(RemoteWebDriver.java:552)\n\tat org.openqa.selenium.remote.RemoteWebDriver.execute(RemoteWebDriver.java:609)\n\tat org.openqa.selenium.remote.RemoteWebDriver.getScreenshotAs(RemoteWebDriver.java:295)\n\tat com.automation.training.steps.Hooks.DoSomething(Hooks.java:31)\n\tat java.base/jdk.internal.reflect.NativeMethodAccessorImpl.invoke0(Native Method)\n\tat java.base/jdk.internal.reflect.NativeMethodAccessorImpl.invoke(NativeMethodAccessorImpl.java:62)\n\tat java.base/jdk.internal.reflect.DelegatingMethodAccessorImpl.invoke(DelegatingMethodAccessorImpl.java:43)\n\tat java.base/java.lang.reflect.Method.invoke(Method.java:567)\n\tat cucumber.runtime.Utils$1.call(Utils.java:26)\n\tat cucumber.runtime.Timeout.timeout(Timeout.java:16)\n\tat cucumber.runtime.Utils.invoke(Utils.java:20)\n\tat cucumber.runtime.java.JavaHookDefinition.execute(JavaHookDefinition.java:65)\n\tat cucumber.runner.HookDefinitionMatch.runStep(HookDefinitionMatch.java:16)\n\tat cucumber.runner.TestStep.executeStep(TestStep.java:65)\n\tat cucumber.runner.TestStep.run(TestStep.java:50)\n\tat cucumber.runner.PickleStepTestStep.run(PickleStepTestStep.java:46)\n\tat cucumber.runner.TestCase.run(TestCase.java:46)\n\tat cucumber.runner.Runner.runPickle(Runner.java:50)\n\tat io.cucumber.junit.PickleRunners$NoStepDescriptions.run(PickleRunners.java:146)\n\tat io.cucumber.junit.FeatureRunner.runChild(FeatureRunner.java:68)\n\tat io.cucumber.junit.FeatureRunner.runChild(FeatureRunner.java:23)\n\tat org.junit.runners.ParentRunner$3.run(ParentRunner.java:290)\n\tat org.junit.runners.ParentRunner$1.schedule(ParentRunner.java:71)\n\tat org.junit.runners.ParentRunner.runChildren(ParentRunner.java:288)\n\tat org.junit.runners.ParentRunner.access$000(ParentRunner.java:58)\n\tat org.junit.runners.ParentRunner$2.evaluate(ParentRunner.java:268)\n\tat org.junit.runners.ParentRunner.run(ParentRunner.java:363)\n\tat io.cucumber.junit.Cucumber.runChild(Cucumber.java:144)\n\tat io.cucumber.junit.Cucumber.runChild(Cucumber.java:65)\n\tat org.junit.runners.ParentRunner$3.run(ParentRunner.java:290)\n\tat org.junit.runners.ParentRunner$1.schedule(ParentRunner.java:71)\n\tat org.junit.runners.ParentRunner.runChildren(ParentRunner.java:288)\n\tat org.junit.runners.ParentRunner.access$000(ParentRunner.java:58)\n\tat org.junit.runners.ParentRunner$2.evaluate(ParentRunner.java:268)\n\tat io.cucumber.junit.Cucumber$RunCucumber.evaluate(Cucumber.java:174)\n\tat org.junit.runners.ParentRunner.run(ParentRunner.java:363)\n\tat org.junit.runner.JUnitCore.run(JUnitCore.java:137)\n\tat com.intellij.junit4.JUnit4IdeaTestRunner.startRunnerWithArgs(JUnit4IdeaTestRunner.java:68)\n\tat com.intellij.rt.junit.IdeaTestRunner$Repeater.startRunnerWithArgs(IdeaTestRunner.java:33)\n\tat com.intellij.rt.junit.JUnitStarter.prepareStreamsAndStart(JUnitStarter.java:230)\n\tat com.intellij.rt.junit.JUnitStarter.main(JUnitStarter.java:58)\n"},"stage":"finished","steps":[],"attachments":[],"parameters":[],"start":1583425865121,"stop":1583425865124},{"name":"Hooks.DoSomething()","status":"skipped","statusDetails":{"known":false,"muted":false,"flaky":false,"message":"AfterStep is failed."},"stage":"finished","steps":[],"attachments":[],"parameters":[],"start":1583425865126,"stop":1583425865126},{"name":"Hooks.DoSomething()","status":"skipped","statusDetails":{"known":false,"muted":false,"flaky":false,"message":"AfterStep is failed."},"stage":"finished","steps":[],"attachments":[],"parameters":[],"start":1583425865127,"stop":1583425865127},{"name":"Hooks.DoSomething()","status":"skipped","statusDetails":{"known":false,"muted":false,"flaky":false,"message":"AfterStep is failed."},"stage":"finished","steps":[],"attachments":[],"parameters":[],"start":1583425865128,"stop":1583425865129},{"name":"Hooks.DoSomething()","status":"skipped","statusDetails":{"known":false,"muted":false,"flaky":false,"message":"AfterStep is failed."},"stage":"finished","steps":[],"attachments":[],"parameters":[],"start":1583425865129,"stop":1583425865130},{"name":"Hooks.DoSomething()","status":"skipped","statusDetails":{"known":false,"muted":false,"flaky":false,"message":"AfterStep is failed."},"stage":"finished","steps":[],"attachments":[],"parameters":[],"start":1583425865130,"stop":1583425865130},{"name":"Hooks.DoSomething()","status":"skipped","statusDetails":{"known":false,"muted":false,"flaky":false,"message":"AfterStep is failed."},"stage":"finished","steps":[],"attachments":[],"parameters":[],"start":1583425865131,"stop":1583425865131},{"name":"Hooks.DoSomething()","status":"skipped","statusDetails":{"known":false,"muted":false,"flaky":false,"message":"AfterStep is failed."},"stage":"finished","steps":[],"attachments":[],"parameters":[],"start":1583425865132,"stop":1583425865132},{"name":"Hooks.closeDriver()","status":"broken","statusDetails":{"known":false,"muted":false,"flaky":false,"message":"After is failed: no such window: target window already closed\nfrom unknown error: web view not found\n  (Session info: chrome=80.0.3987.132)\nBuild info: version: '3.141.0', revision: '2ecb7d9a', time: '2018-10-31T20:09:30'\nSystem info: host: 'AMAC02WC58AHTD6', ip: '172.22.92.194', os.name: 'Mac OS X', os.arch: 'x86_64', os.version: '10.14.6', java.version: '13.0.2'\nDriver info: org.openqa.selenium.chrome.ChromeDriver\nCapabilities {acceptInsecureCerts: false, browserName: chrome, browserVersion: 80.0.3987.132, chrome: {chromedriverVersion: 79.0.3945.36 (3582db32b3389..., userDataDir: /var/folders/7d/_7xsb9p506x...}, goog:chromeOptions: {debuggerAddress: localhost:65314}, javascriptEnabled: true, networkConnectionEnabled: false, pageLoadStrategy: normal, platform: MAC, platformName: MAC, proxy: Proxy(), setWindowRect: true, strictFileInteractability: false, timeouts: {implicit: 0, pageLoad: 300000, script: 30000}, unhandledPromptBehavior: dismiss and notify}\nSession ID: d0fd9d05d07739643d0b780fe8928cc0","trace":"org.openqa.selenium.NoSuchWindowException: no such window: target window already closed\nfrom unknown error: web view not found\n  (Session info: chrome=80.0.3987.132)\nBuild info: version: '3.141.0', revision: '2ecb7d9a', time: '2018-10-31T20:09:30'\nSystem info: host: 'AMAC02WC58AHTD6', ip: '172.22.92.194', os.name: 'Mac OS X', os.arch: 'x86_64', os.version: '10.14.6', java.version: '13.0.2'\nDriver info: org.openqa.selenium.chrome.ChromeDriver\nCapabilities {acceptInsecureCerts: false, browserName: chrome, browserVersion: 80.0.3987.132, chrome: {chromedriverVersion: 79.0.3945.36 (3582db32b3389..., userDataDir: /var/folders/7d/_7xsb9p506x...}, goog:chromeOptions: {debuggerAddress: localhost:65314}, javascriptEnabled: true, networkConnectionEnabled: false, pageLoadStrategy: normal, platform: MAC, platformName: MAC, proxy: Proxy(), setWindowRect: true, strictFileInteractability: false, timeouts: {implicit: 0, pageLoad: 300000, script: 30000}, unhandledPromptBehavior: dismiss and notify}\nSession ID: d0fd9d05d07739643d0b780fe8928cc0\n\tat java.base/jdk.internal.reflect.NativeConstructorAccessorImpl.newInstance0(Native Method)\n\tat java.base/jdk.internal.reflect.NativeConstructorAccessorImpl.newInstance(NativeConstructorAccessorImpl.java:62)\n\tat java.base/jdk.internal.reflect.DelegatingConstructorAccessorImpl.newInstance(DelegatingConstructorAccessorImpl.java:45)\n\tat java.base/java.lang.reflect.Constructor.newInstanceWithCaller(Constructor.java:500)\n\tat java.base/java.lang.reflect.Constructor.newInstance(Constructor.java:481)\n\tat org.openqa.selenium.remote.http.W3CHttpResponseCodec.createException(W3CHttpResponseCodec.java:187)\n\tat org.openqa.selenium.remote.http.W3CHttpResponseCodec.decode(W3CHttpResponseCodec.java:122)\n\tat org.openqa.selenium.remote.http.W3CHttpResponseCodec.decode(W3CHttpResponseCodec.java:49)\n\tat org.openqa.selenium.remote.HttpCommandExecutor.execute(HttpCommandExecutor.java:158)\n\tat org.openqa.selenium.remote.service.DriverCommandExecutor.execute(DriverCommandExecutor.java:83)\n\tat org.openqa.selenium.remote.RemoteWebDriver.execute(RemoteWebDriver.java:552)\n\tat org.openqa.selenium.remote.RemoteWebDriver.execute(RemoteWebDriver.java:609)\n\tat org.openqa.selenium.remote.RemoteWebDriver.close(RemoteWebDriver.java:442)\n\tat com.automation.utils.DriverProvider.closeDriver(DriverProvider.java:56)\n\tat com.automation.training.steps.Hooks.closeDriver(Hooks.java:26)\n\tat java.base/jdk.internal.reflect.NativeMethodAccessorImpl.invoke0(Native Method)\n\tat java.base/jdk.internal.reflect.NativeMethodAccessorImpl.invoke(NativeMethodAccessorImpl.java:62)\n\tat java.base/jdk.internal.reflect.DelegatingMethodAccessorImpl.invoke(DelegatingMethodAccessorImpl.java:43)\n\tat java.base/java.lang.reflect.Method.invoke(Method.java:567)\n\tat cucumber.runtime.Utils$1.call(Utils.java:26)\n\tat cucumber.runtime.Timeout.timeout(Timeout.java:16)\n\tat cucumber.runtime.Utils.invoke(Utils.java:20)\n\tat cucumber.runtime.java.JavaHookDefinition.execute(JavaHookDefinition.java:65)\n\tat cucumber.runner.HookDefinitionMatch.runStep(HookDefinitionMatch.java:16)\n\tat cucumber.runner.TestStep.executeStep(TestStep.java:65)\n\tat cucumber.runner.TestStep.run(TestStep.java:50)\n\tat cucumber.runner.TestCase.run(TestCase.java:50)\n\tat cucumber.runner.Runner.runPickle(Runner.java:50)\n\tat io.cucumber.junit.PickleRunners$NoStepDescriptions.run(PickleRunners.java:146)\n\tat io.cucumber.junit.FeatureRunner.runChild(FeatureRunner.java:68)\n\tat io.cucumber.junit.FeatureRunner.runChild(FeatureRunner.java:23)\n\tat org.junit.runners.ParentRunner$3.run(ParentRunner.java:290)\n\tat org.junit.runners.ParentRunner$1.schedule(ParentRunner.java:71)\n\tat org.junit.runners.ParentRunner.runChildren(ParentRunner.java:288)\n\tat org.junit.runners.ParentRunner.access$000(ParentRunner.java:58)\n\tat org.junit.runners.ParentRunner$2.evaluate(ParentRunner.java:268)\n\tat org.junit.runners.ParentRunner.run(ParentRunner.java:363)\n\tat io.cucumber.junit.Cucumber.runChild(Cucumber.java:144)\n\tat io.cucumber.junit.Cucumber.runChild(Cucumber.java:65)\n\tat org.junit.runners.ParentRunner$3.run(ParentRunner.java:290)\n\tat org.junit.runners.ParentRunner$1.schedule(ParentRunner.java:71)\n\tat org.junit.runners.ParentRunner.runChildren(ParentRunner.java:288)\n\tat org.junit.runners.ParentRunner.access$000(ParentRunner.java:58)\n\tat org.junit.runners.ParentRunner$2.evaluate(ParentRunner.java:268)\n\tat io.cucumber.junit.Cucumber$RunCucumber.evaluate(Cucumber.java:174)\n\tat org.junit.runners.ParentRunner.run(ParentRunner.java:363)\n\tat org.junit.runner.JUnitCore.run(JUnitCore.java:137)\n\tat com.intellij.junit4.JUnit4IdeaTestRunner.startRunnerWithArgs(JUnit4IdeaTestRunner.java:68)\n\tat com.intellij.rt.junit.IdeaTestRunner$Repeater.startRunnerWithArgs(IdeaTestRunner.java:33)\n\tat com.intellij.rt.junit.JUnitStarter.prepareStreamsAndStart(JUnitStarter.java:230)\n\tat com.intellij.rt.junit.JUnitStarter.main(JUnitStarter.java:58)\n"},"stage":"finished","steps":[],"attachments":[],"parameters":[],"start":1583425865133,"stop":1583425865137}],"links":[],"start":1583425865110,"stop":1583425865142}