-------------------------------------------------------------------------------
Test set: com.automation.training.CucumberTest
-------------------------------------------------------------------------------
Tests run: 3, Failures: 0, Errors: 2, Skipped: 0, Time elapsed: 140.019 s <<< FAILURE! - in com.automation.training.CucumberTest
User Sign in to My store and logs out after verifying the cart(Sign in as a registered user and logout)  Time elapsed: 48.447 s  <<< ERROR!
org.openqa.selenium.NoSuchElementException: 
no such element: Unable to locate element: {"method":"xpath","selector":"/html/body/div/div[2]/div/div[3]/div[2]/ul/li[2]/div/div[1]/div/a[1]/img"}
  (Session info: chrome=80.0.3987.132)
For documentation on this error, please visit: http://seleniumhq.org/exceptions/no_such_element.html
Build info: version: '3.141.0', revision: '2ecb7d9a', time: '2018-10-31T20:09:30'
System info: host: 'AMAC02WC58AHTD6', ip: '172.22.92.194', os.name: 'Mac OS X', os.arch: 'x86_64', os.version: '10.14.6', java.version: '13.0.2'
Driver info: org.openqa.selenium.chrome.ChromeDriver
Capabilities {acceptInsecureCerts: false, browserName: chrome, browserVersion: 80.0.3987.132, chrome: {chromedriverVersion: 79.0.3945.36 (3582db32b3389..., userDataDir: /var/folders/7d/_7xsb9p506x...}, goog:chromeOptions: {debuggerAddress: localhost:65413}, javascriptEnabled: true, networkConnectionEnabled: false, pageLoadStrategy: normal, platform: MAC, platformName: MAC, proxy: Proxy(), setWindowRect: true, strictFileInteractability: false, timeouts: {implicit: 0, pageLoad: 300000, script: 30000}, unhandledPromptBehavior: dismiss and notify}
Session ID: 5e73a087123bf23fa0ed0ebab49564c6
*** Element info: {Using=xpath, value=/html/body/div/div[2]/div/div[3]/div[2]/ul/li[2]/div/div[1]/div/a[1]/img}

User Sign in to My store(Sign in as a registered user)  Time elapsed: 53.788 s  <<< ERROR!
org.openqa.selenium.NoSuchElementException: 
no such element: Unable to locate element: {"method":"xpath","selector":"/html/body/div/div[2]/div/div[3]/div[2]/ul/li[2]/div/div[1]/div/a[1]/img"}
  (Session info: chrome=80.0.3987.132)
For documentation on this error, please visit: http://seleniumhq.org/exceptions/no_such_element.html
Build info: version: '3.141.0', revision: '2ecb7d9a', time: '2018-10-31T20:09:30'
System info: host: 'AMAC02WC58AHTD6', ip: '172.22.92.194', os.name: 'Mac OS X', os.arch: 'x86_64', os.version: '10.14.6', java.version: '13.0.2'
Driver info: org.openqa.selenium.chrome.ChromeDriver
Capabilities {acceptInsecureCerts: false, browserName: chrome, browserVersion: 80.0.3987.132, chrome: {chromedriverVersion: 79.0.3945.36 (3582db32b3389..., userDataDir: /var/folders/7d/_7xsb9p506x...}, goog:chromeOptions: {debuggerAddress: localhost:65447}, javascriptEnabled: true, networkConnectionEnabled: false, pageLoadStrategy: normal, platform: MAC, platformName: MAC, proxy: Proxy(), setWindowRect: true, strictFileInteractability: false, timeouts: {implicit: 0, pageLoad: 300000, script: 30000}, unhandledPromptBehavior: dismiss and notify}
Session ID: 584493e9991e612b50d667334d05a0d0
*** Element info: {Using=xpath, value=/html/body/div/div[2]/div/div[3]/div[2]/ul/li[2]/div/div[1]/div/a[1]/img}

